markus@debianmac:~/develop/direcs/direcs/bin$ valgrind --tool=helgrind --time-stamp=yes --trace-children=yes ./direcs small

==00:00:00:00.000 4394== Helgrind, a thread error detector
==00:00:00:00.000 4394== Copyright (C) 2007-2010, and GNU GPL'd, by OpenWorks LLP et al.
==00:00:00:00.000 4394== Using Valgrind-3.6.0.SVN-Debian and LibVEX; rerun with -h for copyright info
==00:00:00:00.000 4394== Command: ./direcs small
==00:00:00:00.000 4394== 
1 argument(s) passed... 
Using small GUI. 
UNIX OS detected.
Linux OS detected.
X11 detected.
trying to open file "/dev/ttyUSB0" 
file opened succesfully
Warning: Serial device is not turned on. This message may not be correct, when working with USB-to-Serial-Converters! 
listening for data on "/dev/ttyUSB0" 
==00:00:00:33.916 4394== Thread #1 is the program's root thread
==00:00:00:33.970 4394== 
==00:00:00:33.970 4394== Thread #6 was created
==00:00:00:34.193 4394==    at 0x599FE68: clone (clone.S:111)
==00:00:00:34.193 4394==    by 0x578707A: pthread_create@@GLIBC_2.1 (createthread.c:249)
==00:00:00:34.193 4394==    by 0x40285DB: pthread_create_WRK (hg_intercepts.c:257)
==00:00:00:34.193 4394==    by 0x40286B5: pthread_create@* (hg_intercepts.c:288)
==00:00:00:34.193 4394==    by 0x545B559: QThread::start(QThread::Priority) (in /usr/lib/libQtCore.so.4.6.3)
==00:00:00:34.193 4394==    by 0x80B8B0B: Direcs::enableRemoteControlListening(bool) (direcs.cpp:3676)
==00:00:00:34.193 4394==    by 0x80A8059: Direcs::init() (direcs.cpp:547)
==00:00:00:34.193 4394==    by 0x80A50D1: main (direcs.cpp:106)
==00:00:00:34.193 4394== 
==00:00:00:34.193 4394== Possible data race during write of size 4 at 0xa85f474 by thread #1
==00:00:00:34.193 4394==    at 0x5569913: ??? (in /usr/lib/libQtCore.so.4.6.3)
==00:00:00:34.193 4394==    by 0x5569DB1: QObject::connect(QObject const*, char const*, QObject const*, char const*, Qt::ConnectionType) (in /usr/lib/libQtCore.so.4.6.3)
==00:00:00:34.193 4394==    by 0x80A9103: Direcs::init() (direcs.cpp:781)
==00:00:00:34.193 4394==    by 0x80A50D1: main (direcs.cpp:106)
==00:00:00:34.193 4394==  This conflicts with a previous read of size 4 by thread #6
==00:00:00:34.193 4394==    at 0x556B46F: QMetaObject::activate(QObject*, QMetaObject const*, int, void**) (in /usr/lib/libQtCore.so.4.6.3)
==00:00:00:34.193 4394==    by 0x55BAC56: QThread::started() (in /usr/lib/libQtCore.so.4.6.3)
==00:00:00:34.193 4394==    by 0x545AF9C: ??? (in /usr/lib/libQtCore.so.4.6.3)
==00:00:00:34.193 4394==    by 0x4028734: mythread_wrapper (hg_intercepts.c:221)
==00:00:00:34.193 4394==    by 0x5786954: start_thread (pthread_create.c:300)
==00:00:00:34.193 4394==    by 0x599FE7D: clone (clone.S:130)
==00:00:00:34.193 4394==  Address 0xa85f474 is 52 bytes inside a block of size 108 alloc'd
==00:00:00:34.193 4394==    at 0x4024C5C: operator new(unsigned int) (vg_replace_malloc.c:255)
==00:00:00:34.193 4394==    by 0x54580B8: QThread::QThread(QObject*) (in /usr/lib/libQtCore.so.4.6.3)
==00:00:00:34.193 4394==    by 0x80BCE2A: NetworkThread::NetworkThread() (networkThread.cpp:23)
==00:00:00:34.193 4394==    by 0x80A6866: Direcs::Direcs(bool, bool, bool, bool) (direcs.cpp:207)
==00:00:00:34.193 4394==    by 0x80A50C3: main (direcs.cpp:103)
==00:00:00:34.193 4394== 
==00:00:00:34.194 4394== Possible data race during write of size 4 at 0xa85f474 by thread #1
==00:00:00:34.194 4394==    at 0x5569913: ??? (in /usr/lib/libQtCore.so.4.6.3)
==00:00:00:34.194 4394==    by 0x5569DB1: QObject::connect(QObject const*, char const*, QObject const*, char const*, Qt::ConnectionType) (in /usr/lib/libQtCore.so.4.6.3)
==00:00:00:34.194 4394==    by 0x80A9158: Direcs::init() (direcs.cpp:789)
==00:00:00:34.194 4394==    by 0x80A50D1: main (direcs.cpp:106)
==00:00:00:34.194 4394==  This conflicts with a previous read of size 4 by thread #6
==00:00:00:34.194 4394==    at 0x556B46F: QMetaObject::activate(QObject*, QMetaObject const*, int, void**) (in /usr/lib/libQtCore.so.4.6.3)
==00:00:00:34.194 4394==    by 0x55BAC56: QThread::started() (in /usr/lib/libQtCore.so.4.6.3)
==00:00:00:34.194 4394==    by 0x545AF9C: ??? (in /usr/lib/libQtCore.so.4.6.3)
==00:00:00:34.194 4394==    by 0x4028734: mythread_wrapper (hg_intercepts.c:221)
==00:00:00:34.194 4394==    by 0x5786954: start_thread (pthread_create.c:300)
==00:00:00:34.194 4394==    by 0x599FE7D: clone (clone.S:130)
==00:00:00:34.194 4394==  Address 0xa85f474 is 52 bytes inside a block of size 108 alloc'd
==00:00:00:34.194 4394==    at 0x4024C5C: operator new(unsigned int) (vg_replace_malloc.c:255)
==00:00:00:34.194 4394==    by 0x54580B8: QThread::QThread(QObject*) (in /usr/lib/libQtCore.so.4.6.3)
==00:00:00:34.194 4394==    by 0x80BCE2A: NetworkThread::NetworkThread() (networkThread.cpp:23)
==00:00:00:34.194 4394==    by 0x80A6866: Direcs::Direcs(bool, bool, bool, bool) (direcs.cpp:207)
==00:00:00:34.194 4394==    by 0x80A50C3: main (direcs.cpp:103)
==00:00:00:34.194 4394== 
==00:00:00:34.225 4394== Thread #7 was created
==00:00:00:34.225 4394==    at 0x599FE68: clone (clone.S:111)
==00:00:00:34.225 4394==    by 0x578707A: pthread_create@@GLIBC_2.1 (createthread.c:249)
==00:00:00:34.225 4394==    by 0x40285DB: pthread_create_WRK (hg_intercepts.c:257)
==00:00:00:34.225 4394==    by 0x40286B5: pthread_create@* (hg_intercepts.c:288)
==00:00:00:34.225 4394==    by 0x545B559: QThread::start(QThread::Priority) (in /usr/lib/libQtCore.so.4.6.3)
==00:00:00:34.225 4394==    by 0x80A86A1: Direcs::init() (direcs.cpp:617)
==00:00:00:34.225 4394==    by 0x80A50D1: main (direcs.cpp:106)
==00:00:00:34.225 4394== 
==00:00:00:34.225 4394== Possible data race during read of size 4 at 0xa85c1ac by thread #7
==00:00:00:34.225 4394==    at 0x805C50B: QListData::isEmpty() const (qlist.h:91)
==00:00:00:34.225 4394==    by 0x805C879: QList<CommandHandler::command>::isEmpty() const (qlist.h:134)
==00:00:00:34.225 4394==    by 0x805AB2D: CommandHandler::run() (commandHandler.cpp:125)
==00:00:00:34.225 4394==    by 0x545AFBD: ??? (in /usr/lib/libQtCore.so.4.6.3)
==00:00:00:34.225 4394==    by 0x4028734: mythread_wrapper (hg_intercepts.c:221)
==00:00:00:34.225 4394==    by 0x5786954: start_thread (pthread_create.c:300)
==00:00:00:34.225 4394==    by 0x599FE7D: clone (clone.S:130)
==00:00:00:34.225 4394==  This conflicts with a previous write of size 4 by thread #1
==00:00:00:34.225 4394==    at 0x547AE85: QListData::detach3() (in /usr/lib/libQtCore.so.4.6.3)
==00:00:00:34.225 4394==    by 0x805D1B5: QList<CommandHandler::command>::detach_helper() (qlist.h:604)
==00:00:00:34.225 4394==    by 0x805CF56: QList<CommandHandler::command>::detach() (qlist.h:122)
==00:00:00:34.225 4394==    by 0x805CB53: QList<CommandHandler::command>::append(CommandHandler::command const&) (qlist.h:468)
==00:00:00:34.225 4394==    by 0x805B52D: CommandHandler::takeCommand(QString, QString) (commandHandler.cpp:309)
==00:00:00:34.225 4394==    by 0x80CD851: CommandHandler::qt_metacall(QMetaObject::Call, int, void**) (moc_commandHandler.cpp:112)
==00:00:00:34.225 4394==    by 0x555C7A9: QMetaObject::metacall(QObject*, QMetaObject::Call, int, void**) (in /usr/lib/libQtCore.so.4.6.3)
==00:00:00:34.225 4394==    by 0x556B1BA: QMetaObject::activate(QObject*, QMetaObject const*, int, void**) (in /usr/lib/libQtCore.so.4.6.3)
==00:00:00:34.225 4394==  Address 0xa85c1ac is 28 bytes inside a block of size 56 alloc'd
==00:00:00:34.225 4394==    at 0x4024C5C: operator new(unsigned int) (vg_replace_malloc.c:255)
==00:00:00:34.225 4394==    by 0x80A6704: Direcs::Direcs(bool, bool, bool, bool) (direcs.cpp:195)
==00:00:00:34.225 4394==    by 0x80A50C3: main (direcs.cpp:103)
==00:00:00:34.225 4394== 
==00:00:00:34.225 4394== Possible data race during read of size 1 at 0xa9df3ac by thread #7
==00:00:00:34.225 4394==    at 0x805C50D: QListData::isEmpty() const (qlist.h:91)
==00:00:00:34.225 4394==    by 0x805C879: QList<CommandHandler::command>::isEmpty() const (qlist.h:134)
==00:00:00:34.225 4394==    by 0x805AB2D: CommandHandler::run() (commandHandler.cpp:125)
==00:00:00:34.225 4394==    by 0x545AFBD: ??? (in /usr/lib/libQtCore.so.4.6.3)
==00:00:00:34.225 4394==    by 0x4028734: mythread_wrapper (hg_intercepts.c:221)
==00:00:00:34.225 4394==    by 0x5786954: start_thread (pthread_create.c:300)
==00:00:00:34.225 4394==    by 0x599FE7D: clone (clone.S:130)
==00:00:00:34.225 4394==  This conflicts with a previous write of size 4 by thread #1
==00:00:00:34.225 4394==    at 0x4C0C7E5: QTextFormatCollection::indexForFormat(QTextFormat const&) (in /usr/lib/libQtGui.so.4.6.3)
==00:00:00:34.225 4394==    by 0x4C0C981: QTextFormatCollection::createObjectIndex(QTextFormat const&) (in /usr/lib/libQtGui.so.4.6.3)
==00:00:00:34.225 4394==    by 0x4C23CCF: ??? (in /usr/lib/libQtGui.so.4.6.3)
==00:00:00:34.225 4394==    by 0x4C24008: ??? (in /usr/lib/libQtGui.so.4.6.3)
==00:00:00:34.225 4394==    by 0x4C241DE: ??? (in /usr/lib/libQtGui.so.4.6.3)
==00:00:00:34.225 4394==    by 0x4C5120F: ??? (in /usr/lib/libQtGui.so.4.6.3)
==00:00:00:34.225 4394==    by 0x4C53B5C: QTextCursor::movePosition(QTextCursor::MoveOperation, QTextCursor::MoveMode, int) (in /usr/lib/libQtGui.so.4.6.3)
==00:00:00:34.225 4394==    by 0x4C5A0C4: ??? (in /usr/lib/libQtGui.so.4.6.3)
==00:00:00:34.225 4394==  Address 0xa9df3ac is 12 bytes inside a block of size 32 alloc'd
==00:00:00:34.225 4394==    at 0x4024586: realloc (vg_replace_malloc.c:525)
==00:00:00:34.225 4394==    by 0x5455513: qRealloc(void*, unsigned int) (in /usr/lib/libQtCore.so.4.6.3)
==00:00:00:34.225 4394==    by 0x547AA34: QListData::realloc(int) (in /usr/lib/libQtCore.so.4.6.3)
==00:00:00:34.225 4394==    by 0x547ACD3: QListData::append() (in /usr/lib/libQtCore.so.4.6.3)
==00:00:00:34.225 4394==    by 0x805CB5E: QList<CommandHandler::command>::append(CommandHandler::command const&) (qlist.h:470)
==00:00:00:34.225 4394==    by 0x805B52D: CommandHandler::takeCommand(QString, QString) (commandHandler.cpp:309)
==00:00:00:34.225 4394==    by 0x80CD851: CommandHandler::qt_metacall(QMetaObject::Call, int, void**) (moc_commandHandler.cpp:112)
==00:00:00:34.225 4394==    by 0x555C7A9: QMetaObject::metacall(QObject*, QMetaObject::Call, int, void**) (in /usr/lib/libQtCore.so.4.6.3)
==00:00:00:34.225 4394==    by 0x556B1BA: QMetaObject::activate(QObject*, QMetaObject const*, int, void**) (in /usr/lib/libQtCore.so.4.6.3)
==00:00:00:34.226 4394==    by 0x80CD26F: Circuit::sendCommand(QString, QString) (moc_circuit.cpp:105)
==00:00:00:34.226 4394==    by 0x80597E3: Circuit::initCircuit() (circuit.cpp:60)
==00:00:00:34.226 4394==    by 0x80CD15C: Circuit::qt_metacall(QMetaObject::Call, int, void**) (moc_circuit.cpp:90)
==00:00:00:34.226 4394== 
==00:00:00:34.226 4394== Possible data race during read of size 1 at 0xa9df3a8 by thread #7
==00:00:00:34.226 4394==    at 0x805C515: QListData::isEmpty() const (qlist.h:91)
==00:00:00:34.226 4394==    by 0x805C879: QList<CommandHandler::command>::isEmpty() const (qlist.h:134)
==00:00:00:34.226 4394==    by 0x805AB2D: CommandHandler::run() (commandHandler.cpp:125)
==00:00:00:34.226 4394==    by 0x545AFBD: ??? (in /usr/lib/libQtCore.so.4.6.3)
==00:00:00:34.830 4394==    by 0x4028734: mythread_wrapper (hg_intercepts.c:221)
==00:00:00:34.830 4394==    by 0x5786954: start_thread (pthread_create.c:300)
==00:00:00:34.830 4394==    by 0x599FE7D: clone (clone.S:130)
==00:00:00:34.830 4394==  This conflicts with a previous write of size 4 by thread #1
==00:00:00:34.830 4394==    at 0x4C0E3F4: ??? (in /usr/lib/libQtGui.so.4.6.3)
==00:00:00:34.830 4394==    by 0x4C0C55A: QTextFormatCollection::indexForFormat(QTextFormat const&) (in /usr/lib/libQtGui.so.4.6.3)
==00:00:00:34.830 4394==    by 0x4C0C981: QTextFormatCollection::createObjectIndex(QTextFormat const&) (in /usr/lib/libQtGui.so.4.6.3)
==00:00:00:34.830 4394==    by 0x4C23CCF: ??? (in /usr/lib/libQtGui.so.4.6.3)
==00:00:00:34.830 4394==    by 0x4C24008: ??? (in /usr/lib/libQtGui.so.4.6.3)
==00:00:00:34.830 4394==    by 0x4C241DE: ??? (in /usr/lib/libQtGui.so.4.6.3)
==00:00:00:34.830 4394==    by 0x4C5120F: ??? (in /usr/lib/libQtGui.so.4.6.3)
==00:00:00:34.830 4394==    by 0x4C53B5C: QTextCursor::movePosition(QTextCursor::MoveOperation, QTextCursor::MoveMode, int) (in /usr/lib/libQtGui.so.4.6.3)
==00:00:00:34.830 4394==  Address 0xa9df3a8 is 8 bytes inside a block of size 32 alloc'd
==00:00:00:34.830 4394==    at 0x4024586: realloc (vg_replace_malloc.c:525)
==00:00:00:34.830 4394==    by 0x5455513: qRealloc(void*, unsigned int) (in /usr/lib/libQtCore.so.4.6.3)
==00:00:00:34.830 4394==    by 0x547AA34: QListData::realloc(int) (in /usr/lib/libQtCore.so.4.6.3)
==00:00:00:34.830 4394==    by 0x547ACD3: QListData::append() (in /usr/lib/libQtCore.so.4.6.3)
==00:00:00:34.830 4394==    by 0x805CB5E: QList<CommandHandler::command>::append(CommandHandler::command const&) (qlist.h:470)
==00:00:00:34.830 4394==    by 0x805B52D: CommandHandler::takeCommand(QString, QString) (commandHandler.cpp:309)
==00:00:00:34.830 4394==    by 0x80CD851: CommandHandler::qt_metacall(QMetaObject::Call, int, void**) (moc_commandHandler.cpp:112)
==00:00:00:34.830 4394==    by 0x555C7A9: QMetaObject::metacall(QObject*, QMetaObject::Call, int, void**) (in /usr/lib/libQtCore.so.4.6.3)
==00:00:00:34.830 4394==    by 0x556B1BA: QMetaObject::activate(QObject*, QMetaObject const*, int, void**) (in /usr/lib/libQtCore.so.4.6.3)
==00:00:00:34.830 4394==    by 0x80CD26F: Circuit::sendCommand(QString, QString) (moc_circuit.cpp:105)
==00:00:00:34.830 4394==    by 0x80597E3: Circuit::initCircuit() (circuit.cpp:60)
==00:00:00:34.830 4394==    by 0x80CD15C: Circuit::qt_metacall(QMetaObject::Call, int, void**) (moc_circuit.cpp:90)
==00:00:00:34.830 4394== 
==00:00:00:34.852 4394== Possible data race during write of size 1 at 0xa9df3a8 by thread #7
==00:00:00:34.852 4394==    at 0x547A8F7: QListData::remove(int) (in /usr/lib/libQtCore.so.4.6.3)
==00:00:00:34.853 4394==    by 0x547A9A9: QListData::erase(void**) (in /usr/lib/libQtCore.so.4.6.3)
==00:00:00:34.853 4394==    by 0x805CEB1: QList<CommandHandler::command>::erase(QList<CommandHandler::command>::iterator) (qlist.h:436)
==00:00:00:34.853 4394==    by 0x805CA56: QList<CommandHandler::command>::removeFirst() (qlist.h:267)
==00:00:00:34.853 4394==    by 0x805AC5E: CommandHandler::run() (commandHandler.cpp:174)
==00:00:00:34.853 4394==    by 0x545AFBD: ??? (in /usr/lib/libQtCore.so.4.6.3)
==00:00:00:34.853 4394==    by 0x4028734: mythread_wrapper (hg_intercepts.c:221)
==00:00:00:34.853 4394==    by 0x5786954: start_thread (pthread_create.c:300)
==00:00:00:34.853 4394==    by 0x599FE7D: clone (clone.S:130)
==00:00:00:34.853 4394==  This conflicts with a previous read of size 4 by thread #1
==00:00:00:34.853 4394==    at 0x4C094FB: QTextFormatCollection::~QTextFormatCollection() (in /usr/lib/libQtGui.so.4.6.3)
==00:00:00:34.853 4394==    by 0x4C2A84F: ??? (in /usr/lib/libQtGui.so.4.6.3)
==00:00:00:34.853 4394==    by 0x556DD2B: QObject::~QObject() (in /usr/lib/libQtCore.so.4.6.3)
==00:00:00:34.853 4394==    by 0x4C135EC: QTextDocument::~QTextDocument() (in /usr/lib/libQtGui.so.4.6.3)
==00:00:00:34.853 4394==    by 0x4C55BEE: QTextDocumentFragment::~QTextDocumentFragment() (in /usr/lib/libQtGui.so.4.6.3)
==00:00:00:34.853 4394==    by 0x4C55066: QTextCursor::insertHtml(QString const&) (in /usr/lib/libQtGui.so.4.6.3)
==00:00:00:34.853 4394==    by 0x4BE1E19: QTextControl::insertHtml(QString const&) (in /usr/lib/libQtGui.so.4.6.3)
==00:00:00:34.853 4394==    by 0x4E49D2C: QTextEdit::insertHtml(QString const&) (in /usr/lib/libQtGui.so.4.6.3)
==00:00:00:34.853 4394==  Address 0xa9df3a8 is 8 bytes inside a block of size 32 alloc'd
==00:00:00:34.853 4394==    at 0x4024586: realloc (vg_replace_malloc.c:525)
==00:00:00:34.853 4394==    by 0x5455513: qRealloc(void*, unsigned int) (in /usr/lib/libQtCore.so.4.6.3)
==00:00:00:34.853 4394==    by 0x547AA34: QListData::realloc(int) (in /usr/lib/libQtCore.so.4.6.3)
==00:00:00:34.853 4394==    by 0x547ACD3: QListData::append() (in /usr/lib/libQtCore.so.4.6.3)
==00:00:00:34.853 4394==    by 0x805CB5E: QList<CommandHandler::command>::append(CommandHandler::command const&) (qlist.h:470)
==00:00:00:34.853 4394==    by 0x805B52D: CommandHandler::takeCommand(QString, QString) (commandHandler.cpp:309)
==00:00:00:34.853 4394==    by 0x80CD851: CommandHandler::qt_metacall(QMetaObject::Call, int, void**) (moc_commandHandler.cpp:112)
==00:00:00:34.853 4394==    by 0x555C7A9: QMetaObject::metacall(QObject*, QMetaObject::Call, int, void**) (in /usr/lib/libQtCore.so.4.6.3)
==00:00:00:34.853 4394==    by 0x556B1BA: QMetaObject::activate(QObject*, QMetaObject const*, int, void**) (in /usr/lib/libQtCore.so.4.6.3)
==00:00:00:34.853 4394==    by 0x80CD26F: Circuit::sendCommand(QString, QString) (moc_circuit.cpp:105)
==00:00:00:34.853 4394==    by 0x80597E3: Circuit::initCircuit() (circuit.cpp:60)
==00:00:00:34.853 4394==    by 0x80CD15C: Circuit::qt_metacall(QMetaObject::Call, int, void**) (moc_circuit.cpp:90)
==00:00:00:34.853 4394== 
==00:00:00:34.853 4394== Possible data race during read of size 1 at 0xa85c1a9 by thread #7
==00:00:00:34.853 4394==    at 0x805AC96: CommandHandler::run() (commandHandler.cpp:181)
==00:00:00:34.853 4394==    by 0x545AFBD: ??? (in /usr/lib/libQtCore.so.4.6.3)
==00:00:00:34.853 4394==    by 0x4028734: mythread_wrapper (hg_intercepts.c:221)
==00:00:00:34.853 4394==    by 0x5786954: start_thread (pthread_create.c:300)
==00:00:00:34.853 4394==    by 0x599FE7D: clone (clone.S:130)
==00:00:00:34.853 4394==  This conflicts with a previous write of size 1 by thread #1
==00:00:00:34.853 4394==    at 0x805B6B2: CommandHandler::takeCommand(QString, QString) (commandHandler.cpp:317)
==00:00:00:34.853 4394==    by 0x80CD851: CommandHandler::qt_metacall(QMetaObject::Call, int, void**) (moc_commandHandler.cpp:112)
==00:00:00:34.853 4394==    by 0x555C7A9: QMetaObject::metacall(QObject*, QMetaObject::Call, int, void**) (in /usr/lib/libQtCore.so.4.6.3)
==00:00:00:34.853 4394==    by 0x556B1BA: QMetaObject::activate(QObject*, QMetaObject const*, int, void**) (in /usr/lib/libQtCore.so.4.6.3)
==00:00:00:34.853 4394==    by 0x80CD26F: Circuit::sendCommand(QString, QString) (moc_circuit.cpp:105)
==00:00:00:34.853 4394==    by 0x80597E3: Circuit::initCircuit() (circuit.cpp:60)
==00:00:00:34.853 4394==    by 0x80CD15C: Circuit::qt_metacall(QMetaObject::Call, int, void**) (moc_circuit.cpp:90)
==00:00:00:34.853 4394==    by 0x555C7A9: QMetaObject::metacall(QObject*, QMetaObject::Call, int, void**) (in /usr/lib/libQtCore.so.4.6.3)
==00:00:00:34.853 4394==  Address 0xa85c1a9 is 25 bytes inside a block of size 56 alloc'd
==00:00:00:34.853 4394==    at 0x4024C5C: operator new(unsigned int) (vg_replace_malloc.c:255)
==00:00:00:34.853 4394==    by 0x80A6704: Direcs::Direcs(bool, bool, bool, bool) (direcs.cpp:195)
==00:00:00:34.853 4394==    by 0x80A50C3: main (direcs.cpp:103)
==00:00:00:34.853 4394== 
==00:00:00:34.873 4394== Possible data race during write of size 1 at 0x76f1b6c by thread #7
==00:00:00:34.873 4394==    at 0x55571F8: QCoreApplication::postEvent(QObject*, QEvent*, int) (in /usr/lib/libQtCore.so.4.6.3)
==00:00:00:34.873 4394==    by 0x555743B: QCoreApplication::postEvent(QObject*, QEvent*) (in /usr/lib/libQtCore.so.4.6.3)
==00:00:00:34.873 4394==    by 0x5568C35: ??? (in /usr/lib/libQtCore.so.4.6.3)
==00:00:00:34.873 4394==    by 0x556B0A8: QMetaObject::activate(QObject*, QMetaObject const*, int, void**) (in /usr/lib/libQtCore.so.4.6.3)
==00:00:00:34.873 4394==    by 0x80CDA55: CommandHandler::message(QString, bool, bool, bool) (moc_commandHandler.cpp:146)
==00:00:00:34.873 4394==    by 0x805ADAF: CommandHandler::run() (commandHandler.cpp:181)
==00:00:00:34.873 4394==    by 0x545AFBD: ??? (in /usr/lib/libQtCore.so.4.6.3)
==00:00:00:34.873 4394==    by 0x4028734: mythread_wrapper (hg_intercepts.c:221)
==00:00:00:34.873 4394==    by 0x5786954: start_thread (pthread_create.c:300)
==00:00:00:34.873 4394==    by 0x599FE7D: clone (clone.S:130)
==00:00:00:34.873 4394==  This conflicts with a previous read of size 1 by thread #1
==00:00:00:34.873 4394==    at 0x55835BF: ??? (in /usr/lib/libQtCore.so.4.6.3)
==00:00:00:34.873 4394==    by 0x627B7D9: g_main_context_prepare (in /lib/libglib-2.0.so.0.2400.2)
==00:00:00:34.873 4394==    by 0x627BBF8: ??? (in /lib/libglib-2.0.so.0.2400.2)
==00:00:00:34.873 4394==    by 0x627C1C7: g_main_context_iteration (in /lib/libglib-2.0.so.0.2400.2)
==00:00:00:34.873 4394==    by 0x5583074: QEventDispatcherGlib::processEvents(QFlags<QEventLoop::ProcessEventsFlag>) (in /usr/lib/libQtCore.so.4.6.3)
==00:00:00:34.873 4394==    by 0x4A32ED4: ??? (in /usr/lib/libQtGui.so.4.6.3)
==00:00:00:34.873 4394==    by 0x555B310: QCoreApplication::processEvents(QFlags<QEventLoop::ProcessEventsFlag>) (in /usr/lib/libQtCore.so.4.6.3)
==00:00:00:34.873 4394==    by 0x80AE6CC: Direcs::showSplashMessage(QString) (direcs.cpp:1768)
==00:00:00:34.873 4394==  Address 0x76f1b6c is 44 bytes inside a block of size 56 alloc'd
==00:00:00:34.873 4394==    at 0x4024C5C: operator new(unsigned int) (vg_replace_malloc.c:255)
==00:00:00:34.873 4394==    by 0x545ACCB: ??? (in /usr/lib/libQtCore.so.4.6.3)
==00:00:00:34.873 4394==    by 0x556CCD0: QObject::QObject(QObject*) (in /usr/lib/libQtCore.so.4.6.3)
==00:00:00:34.873 4394==    by 0x54F59B9: ??? (in /usr/lib/libQtCore.so.4.6.3)
==00:00:00:34.873 4394==    by 0x54F5B21: QTextStream::QTextStream(QString*, QFlags<QIODevice::OpenModeFlag>) (in /usr/lib/libQtCore.so.4.6.3)
==00:00:00:34.873 4394==    by 0x80999DD: QDebug::Stream::Stream(QtMsgType) (qdebug.h:67)
==00:00:00:34.873 4394==    by 0x8099A3C: QDebug::QDebug(QtMsgType) (qdebug.h:78)
==00:00:00:34.873 4394==    by 0x8099CA0: qDebug() (qdebug.h:258)
==00:00:00:34.873 4394==    by 0x80A4D97: main (direcs.cpp:36)
==00:00:00:34.873 4394== 
Error: Invalid index [0]
==00:00:00:41.422 4394== Possible data race during write of size 4 at 0xa85aae8 by thread #1
==00:00:00:41.422 4394==    at 0x54E9BE3: QIODevice::read(char*, long long) (in /usr/lib/libQtCore.so.4.6.3)
==00:00:00:41.422 4394==    by 0x8098F18: InterfaceAvr::onReadyRead() (interfaceAvr.cpp:374)
==00:00:00:41.422 4394==    by 0x80D001A: InterfaceAvr::qt_metacall(QMetaObject::Call, int, void**) (moc_interfaceAvr.cpp:96)
==00:00:00:41.422 4394==    by 0x555C7A9: QMetaObject::metacall(QObject*, QMetaObject::Call, int, void**) (in /usr/lib/libQtCore.so.4.6.3)
==00:00:00:41.422 4394==    by 0x556B1BA: QMetaObject::activate(QObject*, QMetaObject const*, int, void**) (in /usr/lib/libQtCore.so.4.6.3)
==00:00:00:41.422 4394==    by 0x55BB4C6: QIODevice::readyRead() (in /usr/lib/libQtCore.so.4.6.3)
==00:00:00:41.422 4394==    by 0x55BB58E: QIODevice::qt_metacall(QMetaObject::Call, int, void**) (in /usr/lib/libQtCore.so.4.6.3)
==00:00:00:41.422 4394==    by 0x474BD19: QextSerialPort::qt_metacall(QMetaObject::Call, int, void**) (in /usr/local/lib/libqextserialportd.so.1.0.0)
==00:00:00:41.422 4394==    by 0x555C7A9: QMetaObject::metacall(QObject*, QMetaObject::Call, int, void**) (in /usr/lib/libQtCore.so.4.6.3)
==00:00:00:41.422 4394==    by 0x556B1BA: QMetaObject::activate(QObject*, QMetaObject const*, int, void**) (in /usr/lib/libQtCore.so.4.6.3)
==00:00:00:41.422 4394==    by 0x55BD662: QSocketNotifier::activated(int) (in /usr/lib/libQtCore.so.4.6.3)
==00:00:00:41.422 4394==    by 0x5572376: QSocketNotifier::event(QEvent*) (in /usr/lib/libQtCore.so.4.6.3)
==00:00:00:41.422 4394==  Address 0xa85aae8 is 88 bytes inside a block of size 144 alloc'd
==00:00:00:41.422 4394==    at 0x4024C5C: operator new(unsigned int) (vg_replace_malloc.c:255)
==00:00:00:41.422 4394==    by 0x54E8C38: QIODevice::QIODevice() (in /usr/lib/libQtCore.so.4.6.3)
==00:00:00:41.422 4394==    by 0x4748674: QextSerialPort::QextSerialPort(QextSerialPort::QueryMode) (in /usr/local/lib/libqextserialportd.so.1.0.0)
==00:00:00:41.422 4394==    by 0x8097D95: InterfaceAvr::InterfaceAvr() (interfaceAvr.cpp:27)
==00:00:00:41.422 4394==    by 0x80A65E9: Direcs::Direcs(bool, bool, bool, bool) (direcs.cpp:186)
==00:00:00:41.422 4394==    by 0x80A50C3: main (direcs.cpp:103)
==00:00:00:41.422 4394== 
==00:00:00:41.536 4394== Possible data race during write of size 1 at 0xa85c1a5 by thread #1
==00:00:00:41.536 4394==    at 0x805B849: CommandHandler::takeCommandAnswer(QString) (commandHandler.cpp:339)
==00:00:00:41.536 4394==    by 0x80CD8C6: CommandHandler::qt_metacall(QMetaObject::Call, int, void**) (moc_commandHandler.cpp:113)
==00:00:00:41.536 4394==    by 0x555C7A9: QMetaObject::metacall(QObject*, QMetaObject::Call, int, void**) (in /usr/lib/libQtCore.so.4.6.3)
==00:00:00:41.536 4394==    by 0x556B1BA: QMetaObject::activate(QObject*, QMetaObject const*, int, void**) (in /usr/lib/libQtCore.so.4.6.3)
==00:00:00:41.536 4394==    by 0x80D008A: InterfaceAvr::commandCompleted(QString) (moc_interfaceAvr.cpp:109)
==00:00:00:41.536 4394==    by 0x809945D: InterfaceAvr::onReadyRead() (interfaceAvr.cpp:439)
==00:00:00:41.536 4394==    by 0x80D001A: InterfaceAvr::qt_metacall(QMetaObject::Call, int, void**) (moc_interfaceAvr.cpp:96)
==00:00:00:41.536 4394==    by 0x555C7A9: QMetaObject::metacall(QObject*, QMetaObject::Call, int, void**) (in /usr/lib/libQtCore.so.4.6.3)
==00:00:00:41.536 4394==    by 0x556B1BA: QMetaObject::activate(QObject*, QMetaObject const*, int, void**) (in /usr/lib/libQtCore.so.4.6.3)
==00:00:00:41.536 4394==    by 0x55BB4C6: QIODevice::readyRead() (in /usr/lib/libQtCore.so.4.6.3)
==00:00:00:41.536 4394==    by 0x55BB58E: QIODevice::qt_metacall(QMetaObject::Call, int, void**) (in /usr/lib/libQtCore.so.4.6.3)
==00:00:00:41.536 4394==    by 0x474BD19: QextSerialPort::qt_metacall(QMetaObject::Call, int, void**) (in /usr/local/lib/libqextserialportd.so.1.0.0)
==00:00:00:41.536 4394==  This conflicts with a previous read of size 1 by thread #7
==00:00:00:41.536 4394==    at 0x805AAF9: CommandHandler::run() (commandHandler.cpp:111)
==00:00:00:41.536 4394==    by 0x545AFBD: ??? (in /usr/lib/libQtCore.so.4.6.3)
==00:00:00:41.536 4394==    by 0x4028734: mythread_wrapper (hg_intercepts.c:221)
==00:00:00:41.536 4394==    by 0x5786954: start_thread (pthread_create.c:300)
==00:00:00:41.536 4394==    by 0x599FE7D: clone (clone.S:130)
==00:00:00:41.536 4394==  Address 0xa85c1a5 is 21 bytes inside a block of size 56 alloc'd
==00:00:00:41.536 4394==    at 0x4024C5C: operator new(unsigned int) (vg_replace_malloc.c:255)
==00:00:00:41.536 4394==    by 0x80A6704: Direcs::Direcs(bool, bool, bool, bool) (direcs.cpp:195)
==00:00:00:41.536 4394==    by 0x80A50C3: main (direcs.cpp:103)
==00:00:00:41.536 4394== 
==00:00:00:41.626 4394== Possible data race during read of size 1 at 0xa85c1a5 by thread #7
==00:00:00:41.626 4394==    at 0x805AAF9: CommandHandler::run() (commandHandler.cpp:111)
==00:00:00:41.626 4394==    by 0x545AFBD: ??? (in /usr/lib/libQtCore.so.4.6.3)
==00:00:00:41.626 4394==    by 0x4028734: mythread_wrapper (hg_intercepts.c:221)
==00:00:00:41.626 4394==    by 0x5786954: start_thread (pthread_create.c:300)
==00:00:00:41.626 4394==    by 0x599FE7D: clone (clone.S:130)
==00:00:00:41.626 4394==  This conflicts with a previous write of size 1 by thread #1
==00:00:00:41.626 4394==    at 0x805B849: CommandHandler::takeCommandAnswer(QString) (commandHandler.cpp:339)
==00:00:00:41.626 4394==    by 0x80CD8C6: CommandHandler::qt_metacall(QMetaObject::Call, int, void**) (moc_commandHandler.cpp:113)
==00:00:00:41.626 4394==    by 0x555C7A9: QMetaObject::metacall(QObject*, QMetaObject::Call, int, void**) (in /usr/lib/libQtCore.so.4.6.3)
==00:00:00:41.626 4394==    by 0x556B1BA: QMetaObject::activate(QObject*, QMetaObject const*, int, void**) (in /usr/lib/libQtCore.so.4.6.3)
==00:00:00:41.626 4394==    by 0x80D008A: InterfaceAvr::commandCompleted(QString) (moc_interfaceAvr.cpp:109)
==00:00:00:41.626 4394==    by 0x809945D: InterfaceAvr::onReadyRead() (interfaceAvr.cpp:439)
==00:00:00:41.626 4394==    by 0x80D001A: InterfaceAvr::qt_metacall(QMetaObject::Call, int, void**) (moc_interfaceAvr.cpp:96)
==00:00:00:41.626 4394==    by 0x555C7A9: QMetaObject::metacall(QObject*, QMetaObject::Call, int, void**) (in /usr/lib/libQtCore.so.4.6.3)
==00:00:00:41.626 4394==  Address 0xa85c1a5 is 21 bytes inside a block of size 56 alloc'd
==00:00:00:41.626 4394==    at 0x4024C5C: operator new(unsigned int) (vg_replace_malloc.c:255)
==00:00:00:41.626 4394==    by 0x80A6704: Direcs::Direcs(bool, bool, bool, bool) (direcs.cpp:195)
==00:00:00:41.626 4394==    by 0x80A50C3: main (direcs.cpp:103)
==00:00:00:41.626 4394== 
==00:00:00:41.858 4394== Possible data race during write of size 4 at 0xa9df3ac by thread #1
==00:00:00:41.858 4394==    at 0x547AC8A: QListData::append() (in /usr/lib/libQtCore.so.4.6.3)
==00:00:00:41.858 4394==    by 0x805CB5E: QList<CommandHandler::command>::append(CommandHandler::command const&) (qlist.h:470)
==00:00:00:41.858 4394==    by 0x805B52D: CommandHandler::takeCommand(QString, QString) (commandHandler.cpp:309)
==00:00:00:41.858 4394==    by 0x80CD851: CommandHandler::qt_metacall(QMetaObject::Call, int, void**) (moc_commandHandler.cpp:112)
==00:00:00:41.858 4394==    by 0x555C7A9: QMetaObject::metacall(QObject*, QMetaObject::Call, int, void**) (in /usr/lib/libQtCore.so.4.6.3)
==00:00:00:41.858 4394==    by 0x556B1BA: QMetaObject::activate(QObject*, QMetaObject const*, int, void**) (in /usr/lib/libQtCore.so.4.6.3)
==00:00:00:41.858 4394==    by 0x80CD26F: Circuit::sendCommand(QString, QString) (moc_circuit.cpp:105)
==00:00:00:41.858 4394==    by 0x80599FD: Circuit::initCompass() (circuit.cpp:82)
==00:00:00:41.858 4394==    by 0x80CD16C: Circuit::qt_metacall(QMetaObject::Call, int, void**) (moc_circuit.cpp:91)
==00:00:00:41.858 4394==    by 0x555C7A9: QMetaObject::metacall(QObject*, QMetaObject::Call, int, void**) (in /usr/lib/libQtCore.so.4.6.3)
==00:00:00:41.858 4394==    by 0x556B1BA: QMetaObject::activate(QObject*, QMetaObject const*, int, void**) (in /usr/lib/libQtCore.so.4.6.3)
==00:00:00:41.858 4394==    by 0x80D1D6F: Direcs::initCompass() (moc_direcs.cpp:228)
==00:00:00:41.858 4394==  This conflicts with a previous read of size 4 by thread #7
==00:00:00:41.858 4394==    at 0x805C50D: QListData::isEmpty() const (qlist.h:91)
==00:00:00:41.858 4394==    by 0x805C879: QList<CommandHandler::command>::isEmpty() const (qlist.h:134)
==00:00:00:41.858 4394==    by 0x805AB2D: CommandHandler::run() (commandHandler.cpp:125)
==00:00:00:41.858 4394==    by 0x545AFBD: ??? (in /usr/lib/libQtCore.so.4.6.3)
==00:00:00:41.858 4394==    by 0x4028734: mythread_wrapper (hg_intercepts.c:221)
==00:00:00:41.858 4394==    by 0x5786954: start_thread (pthread_create.c:300)
==00:00:00:41.858 4394==    by 0x599FE7D: clone (clone.S:130)
==00:00:00:41.858 4394==  Address 0xa9df3ac is 12 bytes inside a block of size 32 alloc'd
==00:00:00:41.858 4394==    at 0x4024586: realloc (vg_replace_malloc.c:525)
==00:00:00:41.858 4394==    by 0x5455513: qRealloc(void*, unsigned int) (in /usr/lib/libQtCore.so.4.6.3)
==00:00:00:41.858 4394==    by 0x547AA34: QListData::realloc(int) (in /usr/lib/libQtCore.so.4.6.3)
==00:00:00:41.858 4394==    by 0x547ACD3: QListData::append() (in /usr/lib/libQtCore.so.4.6.3)
==00:00:00:41.858 4394==    by 0x805CB5E: QList<CommandHandler::command>::append(CommandHandler::command const&) (qlist.h:470)
==00:00:00:41.858 4394==    by 0x805B52D: CommandHandler::takeCommand(QString, QString) (commandHandler.cpp:309)
==00:00:00:41.858 4394==    by 0x80CD851: CommandHandler::qt_metacall(QMetaObject::Call, int, void**) (moc_commandHandler.cpp:112)
==00:00:00:41.858 4394==    by 0x555C7A9: QMetaObject::metacall(QObject*, QMetaObject::Call, int, void**) (in /usr/lib/libQtCore.so.4.6.3)
==00:00:00:41.858 4394==    by 0x556B1BA: QMetaObject::activate(QObject*, QMetaObject const*, int, void**) (in /usr/lib/libQtCore.so.4.6.3)
==00:00:00:41.858 4394==    by 0x80CD26F: Circuit::sendCommand(QString, QString) (moc_circuit.cpp:105)
==00:00:00:41.858 4394==    by 0x80597E3: Circuit::initCircuit() (circuit.cpp:60)
==00:00:00:41.858 4394==    by 0x80CD15C: Circuit::qt_metacall(QMetaObject::Call, int, void**) (moc_circuit.cpp:90)
==00:00:00:41.858 4394== 
==00:00:00:42.135 4394== Possible data race during read of size 4 at 0xa9df3ac by thread #7
==00:00:00:42.135 4394==    at 0x805C50D: QListData::isEmpty() const (qlist.h:91)
==00:00:00:42.135 4394==    by 0x805C879: QList<CommandHandler::command>::isEmpty() const (qlist.h:134)
==00:00:00:42.135 4394==    by 0x805AB2D: CommandHandler::run() (commandHandler.cpp:125)
==00:00:00:42.135 4394==    by 0x545AFBD: ??? (in /usr/lib/libQtCore.so.4.6.3)
==00:00:00:42.135 4394==    by 0x4028734: mythread_wrapper (hg_intercepts.c:221)
==00:00:00:42.135 4394==    by 0x5786954: start_thread (pthread_create.c:300)
==00:00:00:42.135 4394==    by 0x599FE7D: clone (clone.S:130)
==00:00:00:42.135 4394==  This conflicts with a previous write of size 4 by thread #1
==00:00:00:42.135 4394==    at 0x547AC8A: QListData::append() (in /usr/lib/libQtCore.so.4.6.3)
==00:00:00:42.135 4394==    by 0x805CB5E: QList<CommandHandler::command>::append(CommandHandler::command const&) (qlist.h:470)
==00:00:00:42.135 4394==    by 0x805B52D: CommandHandler::takeCommand(QString, QString) (commandHandler.cpp:309)
==00:00:00:42.135 4394==    by 0x80CD851: CommandHandler::qt_metacall(QMetaObject::Call, int, void**) (moc_commandHandler.cpp:112)
==00:00:00:42.135 4394==    by 0x555C7A9: QMetaObject::metacall(QObject*, QMetaObject::Call, int, void**) (in /usr/lib/libQtCore.so.4.6.3)
==00:00:00:42.135 4394==    by 0x556B1BA: QMetaObject::activate(QObject*, QMetaObject const*, int, void**) (in /usr/lib/libQtCore.so.4.6.3)
==00:00:00:42.135 4394==    by 0x80CD26F: Circuit::sendCommand(QString, QString) (moc_circuit.cpp:105)
==00:00:00:42.135 4394==    by 0x80599FD: Circuit::initCompass() (circuit.cpp:82)
==00:00:00:42.135 4394==  Address 0xa9df3ac is 12 bytes inside a block of size 32 alloc'd
==00:00:00:42.135 4394==    at 0x4024586: realloc (vg_replace_malloc.c:525)
==00:00:00:42.135 4394==    by 0x5455513: qRealloc(void*, unsigned int) (in /usr/lib/libQtCore.so.4.6.3)
==00:00:00:42.135 4394==    by 0x547AA34: QListData::realloc(int) (in /usr/lib/libQtCore.so.4.6.3)
==00:00:00:42.135 4394==    by 0x547ACD3: QListData::append() (in /usr/lib/libQtCore.so.4.6.3)
==00:00:00:42.135 4394==    by 0x805CB5E: QList<CommandHandler::command>::append(CommandHandler::command const&) (qlist.h:470)
==00:00:00:42.135 4394==    by 0x805B52D: CommandHandler::takeCommand(QString, QString) (commandHandler.cpp:309)
==00:00:00:42.135 4394==    by 0x80CD851: CommandHandler::qt_metacall(QMetaObject::Call, int, void**) (moc_commandHandler.cpp:112)
==00:00:00:42.135 4394==    by 0x555C7A9: QMetaObject::metacall(QObject*, QMetaObject::Call, int, void**) (in /usr/lib/libQtCore.so.4.6.3)
==00:00:00:42.135 4394==    by 0x556B1BA: QMetaObject::activate(QObject*, QMetaObject const*, int, void**) (in /usr/lib/libQtCore.so.4.6.3)
==00:00:00:42.135 4394==    by 0x80CD26F: Circuit::sendCommand(QString, QString) (moc_circuit.cpp:105)
==00:00:00:42.135 4394==    by 0x80597E3: Circuit::initCircuit() (circuit.cpp:60)
==00:00:00:42.135 4394==    by 0x80CD15C: Circuit::qt_metacall(QMetaObject::Call, int, void**) (moc_circuit.cpp:90)
==00:00:00:42.135 4394== 
==00:00:00:42.136 4394== Possible data race during write of size 4 at 0xa9df3a8 by thread #7
==00:00:00:42.136 4394==    at 0x547A8F7: QListData::remove(int) (in /usr/lib/libQtCore.so.4.6.3)
==00:00:00:42.136 4394==    by 0x547A9A9: QListData::erase(void**) (in /usr/lib/libQtCore.so.4.6.3)
==00:00:00:42.136 4394==    by 0x805CEB1: QList<CommandHandler::command>::erase(QList<CommandHandler::command>::iterator) (qlist.h:436)
==00:00:00:42.136 4394==    by 0x805CA56: QList<CommandHandler::command>::removeFirst() (qlist.h:267)
==00:00:00:42.136 4394==    by 0x805AC5E: CommandHandler::run() (commandHandler.cpp:174)
==00:00:00:42.136 4394==    by 0x545AFBD: ??? (in /usr/lib/libQtCore.so.4.6.3)
==00:00:00:42.136 4394==    by 0x4028734: mythread_wrapper (hg_intercepts.c:221)
==00:00:00:42.136 4394==    by 0x5786954: start_thread (pthread_create.c:300)
==00:00:00:42.136 4394==    by 0x599FE7D: clone (clone.S:130)
==00:00:00:42.136 4394==  This conflicts with a previous read of size 4 by thread #1
==00:00:00:42.136 4394==    at 0x805C4F5: QListData::size() const (qlist.h:90)
==00:00:00:42.136 4394==    by 0x805CBC9: QList<CommandHandler::command>::count() const (qlist.h:261)
==00:00:00:42.136 4394==    by 0x805B56F: CommandHandler::takeCommand(QString, QString) (commandHandler.cpp:314)
==00:00:00:42.136 4394==    by 0x80CD851: CommandHandler::qt_metacall(QMetaObject::Call, int, void**) (moc_commandHandler.cpp:112)
==00:00:00:42.136 4394==    by 0x555C7A9: QMetaObject::metacall(QObject*, QMetaObject::Call, int, void**) (in /usr/lib/libQtCore.so.4.6.3)
==00:00:00:42.136 4394==    by 0x556B1BA: QMetaObject::activate(QObject*, QMetaObject const*, int, void**) (in /usr/lib/libQtCore.so.4.6.3)
==00:00:00:42.136 4394==    by 0x80CD26F: Circuit::sendCommand(QString, QString) (moc_circuit.cpp:105)
==00:00:00:42.136 4394==    by 0x80599FD: Circuit::initCompass() (circuit.cpp:82)
==00:00:00:42.136 4394==  Address 0xa9df3a8 is 8 bytes inside a block of size 32 alloc'd
==00:00:00:42.136 4394==    at 0x4024586: realloc (vg_replace_malloc.c:525)
==00:00:00:42.136 4394==    by 0x5455513: qRealloc(void*, unsigned int) (in /usr/lib/libQtCore.so.4.6.3)
==00:00:00:42.136 4394==    by 0x547AA34: QListData::realloc(int) (in /usr/lib/libQtCore.so.4.6.3)
==00:00:00:42.136 4394==    by 0x547ACD3: QListData::append() (in /usr/lib/libQtCore.so.4.6.3)
==00:00:00:42.136 4394==    by 0x805CB5E: QList<CommandHandler::command>::append(CommandHandler::command const&) (qlist.h:470)
==00:00:00:42.136 4394==    by 0x805B52D: CommandHandler::takeCommand(QString, QString) (commandHandler.cpp:309)
==00:00:00:42.136 4394==    by 0x80CD851: CommandHandler::qt_metacall(QMetaObject::Call, int, void**) (moc_commandHandler.cpp:112)
==00:00:00:42.136 4394==    by 0x555C7A9: QMetaObject::metacall(QObject*, QMetaObject::Call, int, void**) (in /usr/lib/libQtCore.so.4.6.3)
==00:00:00:42.136 4394==    by 0x556B1BA: QMetaObject::activate(QObject*, QMetaObject const*, int, void**) (in /usr/lib/libQtCore.so.4.6.3)
==00:00:00:42.136 4394==    by 0x80CD26F: Circuit::sendCommand(QString, QString) (moc_circuit.cpp:105)
==00:00:00:42.136 4394==    by 0x80597E3: Circuit::initCircuit() (circuit.cpp:60)
==00:00:00:42.137 4394==    by 0x80CD15C: Circuit::qt_metacall(QMetaObject::Call, int, void**) (moc_circuit.cpp:90)
==00:00:00:42.137 4394== 
==00:00:00:42.137 4394== Possible data race during read of size 4 at 0xa85c22c by thread #7
==00:00:00:42.137 4394==    at 0x556B46F: QMetaObject::activate(QObject*, QMetaObject const*, int, void**) (in /usr/lib/libQtCore.so.4.6.3)
==00:00:00:42.137 4394==    by 0x80CDA55: CommandHandler::message(QString, bool, bool, bool) (moc_commandHandler.cpp:146)
==00:00:00:42.137 4394==    by 0x805ADAF: CommandHandler::run() (commandHandler.cpp:181)
==00:00:00:42.137 4394==    by 0x545AFBD: ??? (in /usr/lib/libQtCore.so.4.6.3)
==00:00:00:42.137 4394==    by 0x4028734: mythread_wrapper (hg_intercepts.c:221)
==00:00:00:42.137 4394==    by 0x5786954: start_thread (pthread_create.c:300)
==00:00:00:42.137 4394==    by 0x599FE7D: clone (clone.S:130)
==00:00:00:42.137 4394==  This conflicts with a previous write of size 4 by thread #1
==00:00:00:42.137 4394==    at 0x5569913: ??? (in /usr/lib/libQtCore.so.4.6.3)
==00:00:00:42.137 4394==    by 0x5569DB1: QObject::connect(QObject const*, char const*, QObject const*, char const*, Qt::ConnectionType) (in /usr/lib/libQtCore.so.4.6.3)
==00:00:00:42.137 4394==    by 0x80BB5EF: Direcs::robotStateHandler(bool) (direcs.cpp:4630)
==00:00:00:42.137 4394==    by 0x80D1B09: Direcs::qt_metacall(QMetaObject::Call, int, void**) (moc_direcs.cpp:165)
==00:00:00:42.138 4394==    by 0x555C7A9: QMetaObject::metacall(QObject*, QMetaObject::Call, int, void**) (in /usr/lib/libQtCore.so.4.6.3)
==00:00:00:42.138 4394==    by 0x556B1BA: QMetaObject::activate(QObject*, QMetaObject const*, int, void**) (in /usr/lib/libQtCore.so.4.6.3)
==00:00:00:42.138 4394==    by 0x80CD2B8: Circuit::robotState(bool) (moc_circuit.cpp:112)
==00:00:00:42.138 4394==    by 0x8059D4F: Circuit::takeCommandAnswer(QString, QString) (circuit.cpp:137)
==00:00:00:42.138 4394==  Address 0xa85c22c is 52 bytes inside a block of size 108 alloc'd
==00:00:00:42.138 4394==    at 0x4024C5C: operator new(unsigned int) (vg_replace_malloc.c:255)
==00:00:00:42.138 4394==    by 0x54580B8: QThread::QThread(QObject*) (in /usr/lib/libQtCore.so.4.6.3)

==00:00:00:42.138 4394==    by 0x805A2A9: CommandHandler::CommandHandler(InterfaceAvr*, QMutex*) (commandHandler.cpp:23)
==00:00:00:42.138 4394==    by 0x80A6724: Direcs::Direcs(bool, bool, bool, bool) (direcs.cpp:195)
==00:00:00:42.138 4394==    by 0x80A50C3: main (direcs.cpp:103)
==00:00:00:42.138 4394== 
==00:00:00:45.381 4394== Possible data race during read of size 4 at 0xa9df3a8 by thread #7
==00:00:00:45.381 4394==    at 0x805C515: QListData::isEmpty() const (qlist.h:91)
==00:00:00:45.381 4394==    by 0x805C879: QList<CommandHandler::command>::isEmpty() const (qlist.h:134)
==00:00:00:45.381 4394==    by 0x805AB2D: CommandHandler::run() (commandHandler.cpp:125)
==00:00:00:45.381 4394==    by 0x545AFBD: ??? (in /usr/lib/libQtCore.so.4.6.3)
==00:00:00:45.381 4394==    by 0x4028734: mythread_wrapper (hg_intercepts.c:221)
==00:00:00:45.381 4394==    by 0x5786954: start_thread (pthread_create.c:300)
==00:00:00:45.381 4394==    by 0x599FE7D: clone (clone.S:130)
==00:00:00:45.381 4394==  This conflicts with a previous write of size 4 by thread #1
==00:00:00:45.381 4394==    at 0x547AD07: QListData::append() (in /usr/lib/libQtCore.so.4.6.3)
==00:00:00:45.381 4394==    by 0x805CB5E: QList<CommandHandler::command>::append(CommandHandler::command const&) (qlist.h:470)
==00:00:00:45.381 4394==    by 0x805B52D: CommandHandler::takeCommand(QString, QString) (commandHandler.cpp:309)
==00:00:00:45.381 4394==    by 0x80CD851: CommandHandler::qt_metacall(QMetaObject::Call, int, void**) (moc_commandHandler.cpp:112)
==00:00:00:45.381 4394==    by 0x555C7A9: QMetaObject::metacall(QObject*, QMetaObject::Call, int, void**) (in /usr/lib/libQtCore.so.4.6.3)
==00:00:00:45.381 4394==    by 0x5566D35: QMetaCallEvent::placeMetaCall(QObject*) (in /usr/lib/libQtCore.so.4.6.3)
==00:00:00:45.381 4394==    by 0x5567DFD: QObject::event(QEvent*) (in /usr/lib/libQtCore.so.4.6.3)
==00:00:00:45.381 4394==    by 0x49745CB: QApplicationPrivate::notify_helper(QObject*, QEvent*) (in /usr/lib/libQtGui.so.4.6.3)
==00:00:00:45.381 4394==  Address 0xa9df3a8 is 8 bytes inside a block of size 32 alloc'd
==00:00:00:45.381 4394==    at 0x4024586: realloc (vg_replace_malloc.c:525)
==00:00:00:45.381 4394==    by 0x5455513: qRealloc(void*, unsigned int) (in /usr/lib/libQtCore.so.4.6.3)
==00:00:00:45.381 4394==    by 0x547AA34: QListData::realloc(int) (in /usr/lib/libQtCore.so.4.6.3)
==00:00:00:45.381 4394==    by 0x547ACD3: QListData::append() (in /usr/lib/libQtCore.so.4.6.3)
==00:00:00:45.381 4394==    by 0x805CB5E: QList<CommandHandler::command>::append(CommandHandler::command const&) (qlist.h:470)
==00:00:00:45.381 4394==    by 0x805B52D: CommandHandler::takeCommand(QString, QString) (commandHandler.cpp:309)
==00:00:00:45.381 4394==    by 0x80CD851: CommandHandler::qt_metacall(QMetaObject::Call, int, void**) (moc_commandHandler.cpp:112)
==00:00:00:45.381 4394==    by 0x555C7A9: QMetaObject::metacall(QObject*, QMetaObject::Call, int, void**) (in /usr/lib/libQtCore.so.4.6.3)
==00:00:00:45.381 4394==    by 0x556B1BA: QMetaObject::activate(QObject*, QMetaObject const*, int, void**) (in /usr/lib/libQtCore.so.4.6.3)
==00:00:00:45.381 4394==    by 0x80CD26F: Circuit::sendCommand(QString, QString) (moc_circuit.cpp:105)
==00:00:00:45.381 4394==    by 0x80597E3: Circuit::initCircuit() (circuit.cpp:60)
==00:00:00:45.381 4394==    by 0x80CD15C: Circuit::qt_metacall(QMetaObject::Call, int, void**) (moc_circuit.cpp:90)
==00:00:00:45.381 4394== 
Getötet
markus@debianmac:~/develop/direcs/direcs/bin$ 

